
May 09 08:06:28 imap-login: Warning: Growing pool 'imap login commands' with: 1024
May 09 08:06:28 auth: Debug: auth client connected (pid=5421)
May 09 08:06:28 auth: Debug: client in: AUTH	1	LOGIN	service=imap	secured	session=+uIJKBFPbr1/AAAB	lip=127.0.0.1	rip=127.0.0.1	lport=10143	rport=48494	resp=<hidden>
May 09 08:06:28 auth: Debug: client passdb out: CONT	1	UGFzc3dvcmQ6
May 09 08:06:28 auth: Debug: client in: CONT<hidden>
May 09 08:06:28 auth: Debug: passwd-file(t,127.0.0.1,<+uIJKBFPbr1/AAAB>): lookup: user=t file=/home/peter/dovecot/etc/passwd
May 09 08:06:28 auth: Debug: client passdb out: OK	1	user=t
May 09 08:06:28 auth: Debug: master in: REQUEST	2058223617	5421	1	1d4f89240a331c9b2b12ef9115ae7d0b	session_pid=5423	request_auth_token
May 09 08:06:28 auth: Debug: passwd-file(t,127.0.0.1,<+uIJKBFPbr1/AAAB>): lookup: user=t file=/home/peter/dovecot/etc/passwd
May 09 08:06:28 auth: Debug: master userdb out: USER	2058223617	t		auth_token=30d89618e34ed71a8e7f4b704683c85b1396e037
May 09 08:06:28 imap-login: Info: Login: user=<t>, method=LOGIN, rip=127.0.0.1, lip=127.0.0.1, mpid=5423, secured, session=<+uIJKBFPbr1/AAAB>
May 09 08:06:28 imap(t): Debug: Loading modules from directory: /home/peter/dovecot/lib/dovecot
May 09 08:06:28 imap(t): Debug: Module loaded: /home/peter/dovecot/lib/dovecot/libdict_rados_plugin.so
May 09 08:06:28 imap(t): Debug: Module loaded: /home/peter/dovecot/lib/dovecot/libstorage_rados_plugin.so
May 09 08:06:28 imap(t): Debug: Module loaded: /home/peter/dovecot/lib/dovecot/libstorage_rbox_plugin.so
May 09 08:06:28 imap(t): Debug: Added userdb setting: plugin/=yes
May 09 08:06:28 imap(t): Debug: dict_rados_plugin_init refcount=0
May 09 08:06:28 imap(t): Debug: dict_rados_plugin_init registers dict_driver_rados 
May 09 08:06:28 imap(t): Debug: storage_rados_plugin_init refcount=0
May 09 08:06:28 imap(t): Debug: storage_rados_plugin_init registers rados_storage 
May 09 08:06:28 imap(t): Debug: storage_rbox_plugin_init refcount=0
May 09 08:06:28 imap(t): Debug: storage_rbox_plugin_init registers rbox_storage 
May 09 08:06:28 imap(t): Debug: Effective uid=1000, gid=1000, home=
May 09 08:06:28 imap(t): Debug: Namespace inbox: type=private, prefix=, sep=, inbox=yes, hidden=no, list=yes, subscriptions=yes location=rbox:/home/peter/dovecot/var/mail/rbox/t
May 09 08:06:28 imap(t): Debug: [START] rbox-storage.c: rbox_storage_get_list_settings at line 22
May 09 08:06:28 imap(t): Debug: rbox_storage_get_list_settings: mailbox_list_settings.layout = fs
May 09 08:06:28 imap(t): Debug: rbox_storage_get_list_settings: mailbox_list_settings.root_dir = /home/peter/dovecot/var/mail/rbox/t
May 09 08:06:28 imap(t): Debug: rbox_storage_get_list_settings: mailbox_list_settings.index_dir = (null)
May 09 08:06:28 imap(t): Debug: rbox_storage_get_list_settings: mailbox_list_settings.index_pvt_dir = (null)
May 09 08:06:28 imap(t): Debug: rbox_storage_get_list_settings: mailbox_list_settings.control_dir = (null)
May 09 08:06:28 imap(t): Debug: rbox_storage_get_list_settings: mailbox_list_settings.alt_dir = (null)
May 09 08:06:28 imap(t): Debug: rbox_storage_get_list_settings: mailbox_list_settings.inbox_path = (null)
May 09 08:06:28 imap(t): Debug: rbox_storage_get_list_settings: mailbox_list_settings.subscription_fname = subscriptions
May 09 08:06:28 imap(t): Debug: rbox_storage_get_list_settings: mailbox_list_settings.list_index_fname = dovecot.list.index
May 09 08:06:28 imap(t): Debug: rbox_storage_get_list_settings: mailbox_list_settings.maildir_name = dbox-Mails
May 09 08:06:28 imap(t): Debug: rbox_storage_get_list_settings: mailbox_list_settings.mailbox_dir_name = mailboxes
May 09 08:06:28 imap(t): Debug: rbox_storage_get_list_settings: mailbox_list_settings.escape_char = 
May 09 08:06:28 imap(t): Debug: rbox_storage_get_list_settings: mailbox_list_settings.broken_char = 
May 09 08:06:28 imap(t): Debug: rbox_storage_get_list_settings: mailbox_list_settings.utf8 = false
May 09 08:06:28 imap(t): Debug: rbox_storage_get_list_settings: mailbox_list_settings.alt_dir_nocheck = false
May 09 08:06:28 imap(t): Debug: rbox_storage_get_list_settings: mailbox_list_settings.index_control_use_maildir_name = false
May 09 08:06:28 imap(t): Debug: [END] rbox-storage.c: rbox_storage_get_list_settings at line 32
May 09 08:06:28 imap: Error: 
May 09 08:06:28 imap(t): Debug: fs: root=/home/peter/dovecot/var/mail/rbox/t, index=, indexpvt=, control=, inbox=, alt=
May 09 08:06:28 imap(t): Debug: [START] rbox-storage.c: rbox_storage_alloc at line 36
May 09 08:06:28 imap(t): Debug: rbox_storage_alloc: mail_storage.name = rbox
May 09 08:06:28 imap(t): Debug: rbox_storage_alloc: mail_storage.flags = 0x0000
May 09 08:06:28 imap(t): Debug: rbox_storage_alloc: mail_storage.class_flags = 0x09e0
May 09 08:06:28 imap(t): Debug: rbox_storage_alloc: mail_storage.pool name = rbox storage
May 09 08:06:28 imap(t): Debug: rbox_storage_alloc: mail_storage.refcount = 0
May 09 08:06:28 imap(t): Debug: rbox_storage_alloc: mail_storage.obj_refcount = 0
May 09 08:06:28 imap(t): Debug: rbox_storage_alloc: mail_storage.unique_root_dir = (null)
May 09 08:06:28 imap(t): Debug: rbox_storage_alloc: mail_storage.error_string = (null)
May 09 08:06:28 imap(t): Debug: rbox_storage_alloc: mail_storage.error = MAIL_ERROR_NONE
May 09 08:06:28 imap(t): Debug: rbox_storage_alloc: mail_storage.temp_path_prefix = (null)
May 09 08:06:28 imap(t): Debug: rbox_storage_alloc: mail_storage.shared_attr_dict_failed = 0
May 09 08:06:28 imap(t): Debug: rbox_storage_alloc: mail_storage.prev = (nil)
May 09 08:06:28 imap(t): Debug: rbox_storage_alloc: mail_storage.next = (nil)
May 09 08:06:28 imap(t): Debug: rbox_storage_alloc: mail_storage.mailboxes = (nil)
May 09 08:06:28 imap(t): Debug: rbox_storage_alloc: mail_storage.storage_class = (nil)
May 09 08:06:28 imap(t): Debug: rbox_storage_alloc: mail_storage.set = (nil)
May 09 08:06:28 imap(t): Debug: rbox_storage_alloc: mail_storage.callback_context = (nil)
May 09 08:06:28 imap(t): Debug: rbox_storage_alloc: mail_storage._shared_attr_dict = (nil)
May 09 08:06:28 imap(t): Debug: rbox_storage_alloc: mail_storage.error_stack size = 0
May 09 08:06:28 imap(t): Debug: rbox_storage_alloc: mail_storage.module_contexts size = 0
May 09 08:06:28 imap(t): Debug: rbox_storage_alloc: mail_storage.user = (nil)
May 09 08:06:28 imap(t): Debug: [END] rbox-storage.c: rbox_storage_alloc at line 46
May 09 08:06:28 imap: Error: 
May 09 08:06:28 imap(t): Debug: [START] rbox-storage.c: rbox_storage_create at line 51
May 09 08:06:28 imap(t): Debug: [END] rbox-storage.c: rbox_storage_create at line 69
May 09 08:06:28 imap: Error: 
May 09 08:06:28 imap(t): Debug: [START] rbox-storage.c: rbox_mailbox_alloc at line 154
May 09 08:06:28 imap(t): Debug: rbox_mailbox_alloc: vname = INBOX
May 09 08:06:28 imap(t): Debug: rbox_mailbox_alloc: rbox_mailbox.mailbox_guid = 00000000000000000000000000000000
May 09 08:06:28 imap(t): Debug: rbox_mailbox_alloc:   rbox_mailbox.box.name = INBOX
May 09 08:06:28 imap(t): Debug: rbox_mailbox_alloc:   rbox_mailbox.box.vname = INBOX
May 09 08:06:28 imap(t): Debug: rbox_mailbox_alloc:   rbox_mailbox.box.pool = 0x1aef028
May 09 08:06:28 imap(t): Debug: rbox_mailbox_alloc:   rbox_mailbox.box.metadata_pool = (nil)
May 09 08:06:28 imap(t): Debug: rbox_mailbox_alloc:   rbox_mailbox.box.prev = (nil)
May 09 08:06:28 imap(t): Debug: rbox_mailbox_alloc:   rbox_mailbox.box.next = (nil)
May 09 08:06:28 imap(t): Debug: rbox_mailbox_alloc:   rbox_mailbox.box.view = (nil)
May 09 08:06:28 imap(t): Debug: rbox_mailbox_alloc:   rbox_mailbox.box.cache = (nil)
May 09 08:06:28 imap(t): Debug: rbox_mailbox_alloc:   rbox_mailbox.box.view_pvt = (nil)
May 09 08:06:28 imap(t): Debug: rbox_mailbox_alloc:   rbox_mailbox.box.set = (nil)
May 09 08:06:28 imap(t): Debug: rbox_mailbox_alloc:   rbox_mailbox.box.input = (nil)
May 09 08:06:28 imap(t): Debug: rbox_mailbox_alloc:   rbox_mailbox.box.tmp_sync_view = (nil)
May 09 08:06:28 imap(t): Debug: rbox_mailbox_alloc:   rbox_mailbox.box.notify_callback = (nil)
May 09 08:06:28 imap(t): Debug: rbox_mailbox_alloc:   rbox_mailbox.box.notify_context = (nil)
May 09 08:06:28 imap(t): Debug: rbox_mailbox_alloc:   rbox_mailbox.box.to_notify = (nil)
May 09 08:06:28 imap(t): Debug: rbox_mailbox_alloc:   rbox_mailbox.box.to_notify_delay = (nil)
May 09 08:06:28 imap(t): Debug: rbox_mailbox_alloc:   rbox_mailbox.box.notify_files = (nil)
May 09 08:06:28 imap(t): Debug: rbox_mailbox_alloc:   rbox_mailbox.box.recent_flags size = 0
May 09 08:06:28 imap(t): Debug: rbox_mailbox_alloc:   rbox_mailbox.box.search_results size = 8
May 09 08:06:28 imap(t): Debug: rbox_mailbox_alloc:   rbox_mailbox.box.module_contexts size = 8
May 09 08:06:28 imap(t): Debug: rbox_mailbox_alloc:   rbox_mailbox.box._perm.file_uid = 0
May 09 08:06:28 imap(t): Debug: rbox_mailbox_alloc:   rbox_mailbox.box._path = (null)
May 09 08:06:28 imap(t): Debug: rbox_mailbox_alloc:   rbox_mailbox.box._index_path = (null)
May 09 08:06:28 imap(t): Debug: rbox_mailbox_alloc:   rbox_mailbox.box.open_error = MAIL_ERROR_NONE
May 09 08:06:28 imap(t): Debug: rbox_mailbox_alloc:   rbox_mailbox.box.index_prefix = dovecot.index
May 09 08:06:28 imap(t): Debug: rbox_mailbox_alloc:   rbox_mailbox.box.flags = 0x0001
May 09 08:06:28 imap(t): Debug: rbox_mailbox_alloc:   rbox_mailbox.box.transaction_count = 0
May 09 08:06:28 imap(t): Debug: rbox_mailbox_alloc:   rbox_mailbox.box.enabled_features = 0x0000
May 09 08:06:28 imap(t): Debug: rbox_mailbox_alloc:   rbox_mailbox.box.generation_sequence = 1
May 09 08:06:28 imap(t): Debug: rbox_mailbox_alloc:   rbox_mailbox.box.opened = 0
May 09 08:06:28 imap(t): Debug: rbox_mailbox_alloc:   rbox_mailbox.box.mailbox_deleted = 0
May 09 08:06:28 imap(t): Debug: rbox_mailbox_alloc:   rbox_mailbox.box.creating = 0
May 09 08:06:28 imap(t): Debug: rbox_mailbox_alloc:   rbox_mailbox.box.deleting = 0
May 09 08:06:28 imap(t): Debug: rbox_mailbox_alloc:   rbox_mailbox.box.mailbox_undeleting = 0
May 09 08:06:28 imap(t): Debug: rbox_mailbox_alloc:   rbox_mailbox.box.delete_sync_check = 0
May 09 08:06:28 imap(t): Debug: rbox_mailbox_alloc:   rbox_mailbox.box.deleting_must_be_empty = 0
May 09 08:06:28 imap(t): Debug: rbox_mailbox_alloc:   rbox_mailbox.box.delete_skip_empty_check = 0
May 09 08:06:28 imap(t): Debug: rbox_mailbox_alloc:   rbox_mailbox.box.marked_deleted = 0
May 09 08:06:28 imap(t): Debug: rbox_mailbox_alloc:   rbox_mailbox.box.marked_deleted = 0
May 09 08:06:28 imap(t): Debug: rbox_mailbox_alloc:   rbox_mailbox.box.inbox_user = 1
May 09 08:06:28 imap(t): Debug: rbox_mailbox_alloc:   rbox_mailbox.box.inbox_any = 1
May 09 08:06:28 imap(t): Debug: rbox_mailbox_alloc:   rbox_mailbox.box.disable_reflink_copy_to = 0
May 09 08:06:28 imap(t): Debug: rbox_mailbox_alloc:   rbox_mailbox.box.disallow_new_keywords = 0
May 09 08:06:28 imap(t): Debug: rbox_mailbox_alloc:   rbox_mailbox.box.synced = 0
May 09 08:06:28 imap(t): Debug: rbox_mailbox_alloc:   rbox_mailbox.box.mail_cache_disabled = 0
May 09 08:06:28 imap(t): Debug: rbox_mailbox_alloc:   rbox_mailbox.box.update_first_saved = 0
May 09 08:06:28 imap(t): Debug: rbox_mailbox_alloc:   rbox_mailbox.box.skip_create_name_restrictions = 0
May 09 08:06:28 imap(t): Debug: rbox_mailbox_alloc:   rbox_mailbox.box.list_index_has_changed_quick = 0
May 09 08:06:28 imap(t): Debug: rbox_mailbox_alloc:   rbox_mailbox.box.corrupted_mailbox_name = 0
May 09 08:06:28 imap(t): Debug: rbox_mailbox_alloc:   rbox_mailbox.box.storage = 0x1ae6310
May 09 08:06:28 imap(t): Debug: rbox_mailbox_alloc:     rbox_mailbox.box.list.name = fs
May 09 08:06:28 imap(t): Debug: rbox_mailbox_alloc:     rbox_mailbox.box.list.props = 0x0000
May 09 08:06:28 imap(t): Debug: rbox_mailbox_alloc:     rbox_mailbox.box.list.mailbox_name_max_length = 4096
May 09 08:06:28 imap(t): Debug: rbox_mailbox_alloc:     rbox_mailbox.box.list.pool name = fs list
May 09 08:06:28 imap(t): Debug: rbox_mailbox_alloc:     rbox_mailbox.box.list.mail_set = 0x1ae7980
May 09 08:06:28 imap(t): Debug: rbox_mailbox_alloc:     rbox_mailbox.box.list.subscriptions = (nil)
May 09 08:06:28 imap(t): Debug: rbox_mailbox_alloc:     rbox_mailbox.box.list.changelog = (nil)
May 09 08:06:28 imap(t): Debug: rbox_mailbox_alloc:     rbox_mailbox.box.list.root_permissions.file_uid = 0
May 09 08:06:28 imap(t): Debug: rbox_mailbox_alloc:     rbox_mailbox.box.list.module_contexts size = 8
May 09 08:06:28 imap(t): Debug: rbox_mailbox_alloc:     rbox_mailbox.box.list.subscriptions_mtime = 0
May 09 08:06:28 imap(t): Debug: rbox_mailbox_alloc:     rbox_mailbox.box.list.subscriptions_read_time = 0
May 09 08:06:28 imap(t): Debug: rbox_mailbox_alloc:     rbox_mailbox.box.list.changelog_timestamp = -1
May 09 08:06:28 imap(t): Debug: rbox_mailbox_alloc:     rbox_mailbox.box.list.guid_cache_pool = (nil)
May 09 08:06:28 imap(t): Debug: rbox_mailbox_alloc:     rbox_mailbox.box.list.guid_cache_errors = false
May 09 08:06:28 imap(t): Debug: rbox_mailbox_alloc:     rbox_mailbox.box.list.error_string = (null)
May 09 08:06:28 imap(t): Debug: rbox_mailbox_alloc:     rbox_mailbox.box.list.error = MAIL_ERROR_NONE
May 09 08:06:28 imap(t): Debug: rbox_mailbox_alloc:     rbox_mailbox.box.list.temporary_error = false
May 09 08:06:28 imap(t): Debug: rbox_mailbox_alloc:     rbox_mailbox.box.list.index_root_dir_created = 0
May 09 08:06:28 imap(t): Debug: rbox_mailbox_alloc:     rbox_mailbox.box.list.guid_cache_updated = 0
May 09 08:06:28 imap(t): Debug: rbox_mailbox_alloc:     rbox_mailbox.box.list.guid_cache_invalidated = 0
May 09 08:06:28 imap(t): Debug: rbox_mailbox_alloc:     rbox_mailbox.box.list.set.inbox_path = (null)
May 09 08:06:28 imap(t): Debug: rbox_mailbox_alloc:   rbox_mailbox.box.index = (nil)
May 09 08:06:28 imap(t): Debug: rbox_mailbox_alloc:   rbox_mailbox.box.index_pvt = (nil)
May 09 08:06:28 imap(t): Debug: [END] rbox-storage.c: rbox_mailbox_alloc at line 179
May 09 08:06:28 imap: Error: 
May 09 08:06:28 imap(t): Debug: [START] rbox-storage.c: rbox_mailbox_open at line 371
May 09 08:06:28 imap(t): Debug: [START] rbox-storage.c: rbox_mailbox_alloc_index at line 348
May 09 08:06:28 imap(t): Debug: rbox_mailbox_alloc_index: rbox_mailbox.mailbox_guid = 00000000000000000000000000000000
May 09 08:06:28 imap(t): Debug: rbox_mailbox_alloc_index:   rbox_mailbox.box.name = INBOX
May 09 08:06:28 imap(t): Debug: rbox_mailbox_alloc_index:   rbox_mailbox.box.vname = INBOX
May 09 08:06:28 imap(t): Debug: rbox_mailbox_alloc_index:   rbox_mailbox.box.pool = 0x1aef028
May 09 08:06:28 imap(t): Debug: rbox_mailbox_alloc_index:   rbox_mailbox.box.metadata_pool = (nil)
May 09 08:06:28 imap(t): Debug: rbox_mailbox_alloc_index:   rbox_mailbox.box.prev = (nil)
May 09 08:06:28 imap(t): Debug: rbox_mailbox_alloc_index:   rbox_mailbox.box.next = (nil)
May 09 08:06:28 imap(t): Debug: rbox_mailbox_alloc_index:   rbox_mailbox.box.view = (nil)
May 09 08:06:28 imap(t): Debug: rbox_mailbox_alloc_index:   rbox_mailbox.box.cache = (nil)
May 09 08:06:28 imap(t): Debug: rbox_mailbox_alloc_index:   rbox_mailbox.box.view_pvt = (nil)
May 09 08:06:28 imap(t): Debug: rbox_mailbox_alloc_index:   rbox_mailbox.box.set = (nil)
May 09 08:06:28 imap(t): Debug: rbox_mailbox_alloc_index:   rbox_mailbox.box.input = (nil)
May 09 08:06:28 imap(t): Debug: rbox_mailbox_alloc_index:   rbox_mailbox.box.tmp_sync_view = (nil)
May 09 08:06:28 imap(t): Debug: rbox_mailbox_alloc_index:   rbox_mailbox.box.notify_callback = (nil)
May 09 08:06:28 imap(t): Debug: rbox_mailbox_alloc_index:   rbox_mailbox.box.notify_context = (nil)
May 09 08:06:28 imap(t): Debug: rbox_mailbox_alloc_index:   rbox_mailbox.box.to_notify = (nil)
May 09 08:06:28 imap(t): Debug: rbox_mailbox_alloc_index:   rbox_mailbox.box.to_notify_delay = (nil)
May 09 08:06:28 imap(t): Debug: rbox_mailbox_alloc_index:   rbox_mailbox.box.notify_files = (nil)
May 09 08:06:28 imap(t): Debug: rbox_mailbox_alloc_index:   rbox_mailbox.box.recent_flags size = 0
May 09 08:06:28 imap(t): Debug: rbox_mailbox_alloc_index:   rbox_mailbox.box.search_results size = 8
May 09 08:06:28 imap(t): Debug: rbox_mailbox_alloc_index:   rbox_mailbox.box.module_contexts size = 8
May 09 08:06:28 imap(t): Debug: rbox_mailbox_alloc_index:   rbox_mailbox.box._perm.file_uid = 0
May 09 08:06:28 imap(t): Debug: rbox_mailbox_alloc_index:   rbox_mailbox.box._path = /home/peter/dovecot/var/mail/rbox/t/mailboxes/INBOX/dbox-Mails
May 09 08:06:28 imap(t): Debug: rbox_mailbox_alloc_index:   rbox_mailbox.box._index_path = /home/peter/dovecot/var/mail/rbox/t/mailboxes/INBOX/dbox-Mails
May 09 08:06:28 imap(t): Debug: rbox_mailbox_alloc_index:   rbox_mailbox.box.open_error = MAIL_ERROR_NONE
May 09 08:06:28 imap(t): Debug: rbox_mailbox_alloc_index:   rbox_mailbox.box.index_prefix = dovecot.index
May 09 08:06:28 imap(t): Debug: rbox_mailbox_alloc_index:   rbox_mailbox.box.flags = 0x0001
May 09 08:06:28 imap(t): Debug: rbox_mailbox_alloc_index:   rbox_mailbox.box.transaction_count = 0
May 09 08:06:28 imap(t): Debug: rbox_mailbox_alloc_index:   rbox_mailbox.box.enabled_features = 0x0000
May 09 08:06:28 imap(t): Debug: rbox_mailbox_alloc_index:   rbox_mailbox.box.generation_sequence = 1
May 09 08:06:28 imap(t): Debug: rbox_mailbox_alloc_index:   rbox_mailbox.box.opened = 0
May 09 08:06:28 imap(t): Debug: rbox_mailbox_alloc_index:   rbox_mailbox.box.mailbox_deleted = 0
May 09 08:06:28 imap(t): Debug: rbox_mailbox_alloc_index:   rbox_mailbox.box.creating = 0
May 09 08:06:28 imap(t): Debug: rbox_mailbox_alloc_index:   rbox_mailbox.box.deleting = 0
May 09 08:06:28 imap(t): Debug: rbox_mailbox_alloc_index:   rbox_mailbox.box.mailbox_undeleting = 0
May 09 08:06:28 imap(t): Debug: rbox_mailbox_alloc_index:   rbox_mailbox.box.delete_sync_check = 0
May 09 08:06:28 imap(t): Debug: rbox_mailbox_alloc_index:   rbox_mailbox.box.deleting_must_be_empty = 0
May 09 08:06:28 imap(t): Debug: rbox_mailbox_alloc_index:   rbox_mailbox.box.delete_skip_empty_check = 0
May 09 08:06:28 imap(t): Debug: rbox_mailbox_alloc_index:   rbox_mailbox.box.marked_deleted = 0
May 09 08:06:28 imap(t): Debug: rbox_mailbox_alloc_index:   rbox_mailbox.box.marked_deleted = 0
May 09 08:06:28 imap(t): Debug: rbox_mailbox_alloc_index:   rbox_mailbox.box.inbox_user = 1
May 09 08:06:28 imap(t): Debug: rbox_mailbox_alloc_index:   rbox_mailbox.box.inbox_any = 1
May 09 08:06:28 imap(t): Debug: rbox_mailbox_alloc_index:   rbox_mailbox.box.disable_reflink_copy_to = 0
May 09 08:06:28 imap(t): Debug: rbox_mailbox_alloc_index:   rbox_mailbox.box.disallow_new_keywords = 0
May 09 08:06:28 imap(t): Debug: rbox_mailbox_alloc_index:   rbox_mailbox.box.synced = 0
May 09 08:06:28 imap(t): Debug: rbox_mailbox_alloc_index:   rbox_mailbox.box.mail_cache_disabled = 0
May 09 08:06:28 imap(t): Debug: rbox_mailbox_alloc_index:   rbox_mailbox.box.update_first_saved = 0
May 09 08:06:28 imap(t): Debug: rbox_mailbox_alloc_index:   rbox_mailbox.box.skip_create_name_restrictions = 0
May 09 08:06:28 imap(t): Debug: rbox_mailbox_alloc_index:   rbox_mailbox.box.list_index_has_changed_quick = 0
May 09 08:06:28 imap(t): Debug: rbox_mailbox_alloc_index:   rbox_mailbox.box.corrupted_mailbox_name = 0
May 09 08:06:28 imap(t): Debug: rbox_mailbox_alloc_index:   rbox_mailbox.box.storage = 0x1ae6310
May 09 08:06:28 imap(t): Debug: rbox_mailbox_alloc_index:     rbox_mailbox.box.list.name = fs
May 09 08:06:28 imap(t): Debug: rbox_mailbox_alloc_index:     rbox_mailbox.box.list.props = 0x0000
May 09 08:06:28 imap(t): Debug: rbox_mailbox_alloc_index:     rbox_mailbox.box.list.mailbox_name_max_length = 4096
May 09 08:06:28 imap(t): Debug: rbox_mailbox_alloc_index:     rbox_mailbox.box.list.pool name = fs list
May 09 08:06:28 imap(t): Debug: rbox_mailbox_alloc_index:     rbox_mailbox.box.list.mail_set = 0x1ae7980
May 09 08:06:28 imap(t): Debug: rbox_mailbox_alloc_index:     rbox_mailbox.box.list.subscriptions = (nil)
May 09 08:06:28 imap(t): Debug: rbox_mailbox_alloc_index:     rbox_mailbox.box.list.changelog = (nil)
May 09 08:06:28 imap(t): Debug: rbox_mailbox_alloc_index:     rbox_mailbox.box.list.root_permissions.file_uid = 0
May 09 08:06:28 imap(t): Debug: rbox_mailbox_alloc_index:     rbox_mailbox.box.list.module_contexts size = 8
May 09 08:06:28 imap(t): Debug: rbox_mailbox_alloc_index:     rbox_mailbox.box.list.subscriptions_mtime = 0
May 09 08:06:28 imap(t): Debug: rbox_mailbox_alloc_index:     rbox_mailbox.box.list.subscriptions_read_time = 0
May 09 08:06:28 imap(t): Debug: rbox_mailbox_alloc_index:     rbox_mailbox.box.list.changelog_timestamp = -1
May 09 08:06:28 imap(t): Debug: rbox_mailbox_alloc_index:     rbox_mailbox.box.list.guid_cache_pool = (nil)
May 09 08:06:28 imap(t): Debug: rbox_mailbox_alloc_index:     rbox_mailbox.box.list.guid_cache_errors = false
May 09 08:06:28 imap(t): Debug: rbox_mailbox_alloc_index:     rbox_mailbox.box.list.error_string = (null)
May 09 08:06:28 imap(t): Debug: rbox_mailbox_alloc_index:     rbox_mailbox.box.list.error = MAIL_ERROR_NONE
May 09 08:06:28 imap(t): Debug: rbox_mailbox_alloc_index:     rbox_mailbox.box.list.temporary_error = false
May 09 08:06:28 imap(t): Debug: rbox_mailbox_alloc_index:     rbox_mailbox.box.list.index_root_dir_created = 0
May 09 08:06:28 imap(t): Debug: rbox_mailbox_alloc_index:     rbox_mailbox.box.list.guid_cache_updated = 0
May 09 08:06:28 imap(t): Debug: rbox_mailbox_alloc_index:     rbox_mailbox.box.list.guid_cache_invalidated = 0
May 09 08:06:28 imap(t): Debug: rbox_mailbox_alloc_index:     rbox_mailbox.box.list.set.inbox_path = (null)
May 09 08:06:28 imap(t): Debug: rbox_mailbox_alloc_index:   rbox_mailbox.box.index = 0x1aefc10
May 09 08:06:28 imap(t): Debug: rbox_mailbox_alloc_index:   rbox_mailbox.box.index_pvt = (nil)
May 09 08:06:28 imap(t): Debug: [END] rbox-storage.c: rbox_mailbox_alloc_index at line 366
May 09 08:06:28 imap: Error: 
May 09 08:06:28 imap(t): Debug: [START] rbox-storage.c: rbox_read_header at line 184
May 09 08:06:28 imap(t): Debug: rbox_read_header: rbox_mailbox.mailbox_guid = 00000000000000000000000000000000
May 09 08:06:28 imap(t): Debug: rbox_read_header:   rbox_mailbox.box.name = INBOX
May 09 08:06:28 imap(t): Debug: rbox_read_header:   rbox_mailbox.box.vname = INBOX
May 09 08:06:28 imap(t): Debug: rbox_read_header:   rbox_mailbox.box.pool = 0x1aef028
May 09 08:06:28 imap(t): Debug: rbox_read_header:   rbox_mailbox.box.metadata_pool = (nil)
May 09 08:06:28 imap(t): Debug: rbox_read_header:   rbox_mailbox.box.prev = (nil)
May 09 08:06:28 imap(t): Debug: rbox_read_header:   rbox_mailbox.box.next = (nil)
May 09 08:06:28 imap(t): Debug: rbox_read_header:   rbox_mailbox.box.view = 0x1af2780
May 09 08:06:28 imap(t): Debug: rbox_read_header:   rbox_mailbox.box.cache = 0x1af2d30
May 09 08:06:28 imap(t): Debug: rbox_read_header:   rbox_mailbox.box.view_pvt = (nil)
May 09 08:06:28 imap(t): Debug: rbox_read_header:   rbox_mailbox.box.set = (nil)
May 09 08:06:28 imap(t): Debug: rbox_read_header:   rbox_mailbox.box.input = (nil)
May 09 08:06:28 imap(t): Debug: rbox_read_header:   rbox_mailbox.box.tmp_sync_view = (nil)
May 09 08:06:28 imap(t): Debug: rbox_read_header:   rbox_mailbox.box.notify_callback = (nil)
May 09 08:06:28 imap(t): Debug: rbox_read_header:   rbox_mailbox.box.notify_context = (nil)
May 09 08:06:28 imap(t): Debug: rbox_read_header:   rbox_mailbox.box.to_notify = (nil)
May 09 08:06:28 imap(t): Debug: rbox_read_header:   rbox_mailbox.box.to_notify_delay = (nil)
May 09 08:06:28 imap(t): Debug: rbox_read_header:   rbox_mailbox.box.notify_files = (nil)
May 09 08:06:28 imap(t): Debug: rbox_read_header:   rbox_mailbox.box.recent_flags size = 0
May 09 08:06:28 imap(t): Debug: rbox_read_header:   rbox_mailbox.box.search_results size = 8
May 09 08:06:28 imap(t): Debug: rbox_read_header:   rbox_mailbox.box.module_contexts size = 8
May 09 08:06:28 imap(t): Debug: rbox_read_header:   rbox_mailbox.box._perm.file_uid = 1000
May 09 08:06:28 imap(t): Debug: rbox_read_header:   rbox_mailbox.box._path = /home/peter/dovecot/var/mail/rbox/t/mailboxes/INBOX/dbox-Mails
May 09 08:06:28 imap(t): Debug: rbox_read_header:   rbox_mailbox.box._index_path = /home/peter/dovecot/var/mail/rbox/t/mailboxes/INBOX/dbox-Mails
May 09 08:06:28 imap(t): Debug: rbox_read_header:   rbox_mailbox.box.open_error = MAIL_ERROR_NONE
May 09 08:06:28 imap(t): Debug: rbox_read_header:   rbox_mailbox.box.index_prefix = dovecot.index
May 09 08:06:28 imap(t): Debug: rbox_read_header:   rbox_mailbox.box.flags = 0x0001
May 09 08:06:28 imap(t): Debug: rbox_read_header:   rbox_mailbox.box.transaction_count = 0
May 09 08:06:28 imap(t): Debug: rbox_read_header:   rbox_mailbox.box.enabled_features = 0x0000
May 09 08:06:28 imap(t): Debug: rbox_read_header:   rbox_mailbox.box.generation_sequence = 1
May 09 08:06:28 imap(t): Debug: rbox_read_header:   rbox_mailbox.box.opened = 1
May 09 08:06:28 imap(t): Debug: rbox_read_header:   rbox_mailbox.box.mailbox_deleted = 0
May 09 08:06:28 imap(t): Debug: rbox_read_header:   rbox_mailbox.box.creating = 0
May 09 08:06:28 imap(t): Debug: rbox_read_header:   rbox_mailbox.box.deleting = 0
May 09 08:06:28 imap(t): Debug: rbox_read_header:   rbox_mailbox.box.mailbox_undeleting = 0
May 09 08:06:28 imap(t): Debug: rbox_read_header:   rbox_mailbox.box.delete_sync_check = 0
May 09 08:06:28 imap(t): Debug: rbox_read_header:   rbox_mailbox.box.deleting_must_be_empty = 0
May 09 08:06:28 imap(t): Debug: rbox_read_header:   rbox_mailbox.box.delete_skip_empty_check = 0
May 09 08:06:28 imap(t): Debug: rbox_read_header:   rbox_mailbox.box.marked_deleted = 0
May 09 08:06:28 imap(t): Debug: rbox_read_header:   rbox_mailbox.box.marked_deleted = 0
May 09 08:06:28 imap(t): Debug: rbox_read_header:   rbox_mailbox.box.inbox_user = 1
May 09 08:06:28 imap(t): Debug: rbox_read_header:   rbox_mailbox.box.inbox_any = 1
May 09 08:06:28 imap(t): Debug: rbox_read_header:   rbox_mailbox.box.disable_reflink_copy_to = 0
May 09 08:06:28 imap(t): Debug: rbox_read_header:   rbox_mailbox.box.disallow_new_keywords = 0
May 09 08:06:28 imap(t): Debug: rbox_read_header:   rbox_mailbox.box.synced = 0
May 09 08:06:28 imap(t): Debug: rbox_read_header:   rbox_mailbox.box.mail_cache_disabled = 0
May 09 08:06:28 imap(t): Debug: rbox_read_header:   rbox_mailbox.box.update_first_saved = 0
May 09 08:06:28 imap(t): Debug: rbox_read_header:   rbox_mailbox.box.skip_create_name_restrictions = 0
May 09 08:06:28 imap(t): Debug: rbox_read_header:   rbox_mailbox.box.list_index_has_changed_quick = 0
May 09 08:06:28 imap(t): Debug: rbox_read_header:   rbox_mailbox.box.corrupted_mailbox_name = 0
May 09 08:06:28 imap(t): Debug: rbox_read_header:   rbox_mailbox.box.storage = 0x1ae6310
May 09 08:06:28 imap(t): Debug: rbox_read_header:     rbox_mailbox.box.list.name = fs
May 09 08:06:28 imap(t): Debug: rbox_read_header:     rbox_mailbox.box.list.props = 0x0000
May 09 08:06:28 imap(t): Debug: rbox_read_header:     rbox_mailbox.box.list.mailbox_name_max_length = 4096
May 09 08:06:28 imap(t): Debug: rbox_read_header:     rbox_mailbox.box.list.pool name = fs list
May 09 08:06:28 imap(t): Debug: rbox_read_header:     rbox_mailbox.box.list.mail_set = 0x1ae7980
May 09 08:06:28 imap(t): Debug: rbox_read_header:     rbox_mailbox.box.list.subscriptions = (nil)
May 09 08:06:28 imap(t): Debug: rbox_read_header:     rbox_mailbox.box.list.changelog = (nil)
May 09 08:06:28 imap(t): Debug: rbox_read_header:     rbox_mailbox.box.list.root_permissions.file_uid = 0
May 09 08:06:28 imap(t): Debug: rbox_read_header:     rbox_mailbox.box.list.module_contexts size = 8
May 09 08:06:28 imap(t): Debug: rbox_read_header:     rbox_mailbox.box.list.subscriptions_mtime = 0
May 09 08:06:28 imap(t): Debug: rbox_read_header:     rbox_mailbox.box.list.subscriptions_read_time = 0
May 09 08:06:28 imap(t): Debug: rbox_read_header:     rbox_mailbox.box.list.changelog_timestamp = -1
May 09 08:06:28 imap(t): Debug: rbox_read_header:     rbox_mailbox.box.list.guid_cache_pool = (nil)
May 09 08:06:28 imap(t): Debug: rbox_read_header:     rbox_mailbox.box.list.guid_cache_errors = false
May 09 08:06:28 imap(t): Debug: rbox_read_header:     rbox_mailbox.box.list.error_string = (null)
May 09 08:06:28 imap(t): Debug: rbox_read_header:     rbox_mailbox.box.list.error = MAIL_ERROR_NONE
May 09 08:06:28 imap(t): Debug: rbox_read_header:     rbox_mailbox.box.list.temporary_error = false
May 09 08:06:28 imap(t): Debug: rbox_read_header:     rbox_mailbox.box.list.index_root_dir_created = 0
May 09 08:06:28 imap(t): Debug: rbox_read_header:     rbox_mailbox.box.list.guid_cache_updated = 0
May 09 08:06:28 imap(t): Debug: rbox_read_header:     rbox_mailbox.box.list.guid_cache_invalidated = 0
May 09 08:06:28 imap(t): Debug: rbox_read_header:     rbox_mailbox.box.list.set.inbox_path = (null)
May 09 08:06:28 imap(t): Debug: rbox_read_header:   rbox_mailbox.box.index = 0x1aefc10
May 09 08:06:28 imap(t): Debug: rbox_read_header:   rbox_mailbox.box.index_pvt = (nil)
May 09 08:06:28 imap(t): Debug: rbox_read_header: rbox_index_header.rebuild_count = 0
May 09 08:06:28 imap(t): Debug: rbox_read_header: rbox_index_header.mailbox_guid = 28673f1f1422085912180000d5e437c3
May 09 08:06:28 imap(t): Debug: rbox_read_header: rbox_index_header.flags = 0x0
May 09 08:06:28 imap(t): Debug: [END] rbox-storage.c: rbox_read_header at line 216
May 09 08:06:28 imap: Error: 
May 09 08:06:28 imap(t): Debug: rbox_mailbox_open: rbox_mailbox.mailbox_guid = 28673f1f1422085912180000d5e437c3
May 09 08:06:28 imap(t): Debug: rbox_mailbox_open:   rbox_mailbox.box.name = INBOX
May 09 08:06:28 imap(t): Debug: rbox_mailbox_open:   rbox_mailbox.box.vname = INBOX
May 09 08:06:28 imap(t): Debug: rbox_mailbox_open:   rbox_mailbox.box.pool = 0x1aef028
May 09 08:06:28 imap(t): Debug: rbox_mailbox_open:   rbox_mailbox.box.metadata_pool = (nil)
May 09 08:06:28 imap(t): Debug: rbox_mailbox_open:   rbox_mailbox.box.prev = (nil)
May 09 08:06:28 imap(t): Debug: rbox_mailbox_open:   rbox_mailbox.box.next = (nil)
May 09 08:06:28 imap(t): Debug: rbox_mailbox_open:   rbox_mailbox.box.view = 0x1af2780
May 09 08:06:28 imap(t): Debug: rbox_mailbox_open:   rbox_mailbox.box.cache = 0x1af2d30
May 09 08:06:28 imap(t): Debug: rbox_mailbox_open:   rbox_mailbox.box.view_pvt = (nil)
May 09 08:06:28 imap(t): Debug: rbox_mailbox_open:   rbox_mailbox.box.set = (nil)
May 09 08:06:28 imap(t): Debug: rbox_mailbox_open:   rbox_mailbox.box.input = (nil)
May 09 08:06:28 imap(t): Debug: rbox_mailbox_open:   rbox_mailbox.box.tmp_sync_view = (nil)
May 09 08:06:28 imap(t): Debug: rbox_mailbox_open:   rbox_mailbox.box.notify_callback = (nil)
May 09 08:06:28 imap(t): Debug: rbox_mailbox_open:   rbox_mailbox.box.notify_context = (nil)
May 09 08:06:28 imap(t): Debug: rbox_mailbox_open:   rbox_mailbox.box.to_notify = (nil)
May 09 08:06:28 imap(t): Debug: rbox_mailbox_open:   rbox_mailbox.box.to_notify_delay = (nil)
May 09 08:06:28 imap(t): Debug: rbox_mailbox_open:   rbox_mailbox.box.notify_files = (nil)
May 09 08:06:28 imap(t): Debug: rbox_mailbox_open:   rbox_mailbox.box.recent_flags size = 0
May 09 08:06:28 imap(t): Debug: rbox_mailbox_open:   rbox_mailbox.box.search_results size = 8
May 09 08:06:28 imap(t): Debug: rbox_mailbox_open:   rbox_mailbox.box.module_contexts size = 8
May 09 08:06:28 imap(t): Debug: rbox_mailbox_open:   rbox_mailbox.box._perm.file_uid = 1000
May 09 08:06:28 imap(t): Debug: rbox_mailbox_open:   rbox_mailbox.box._path = /home/peter/dovecot/var/mail/rbox/t/mailboxes/INBOX/dbox-Mails
May 09 08:06:28 imap(t): Debug: rbox_mailbox_open:   rbox_mailbox.box._index_path = /home/peter/dovecot/var/mail/rbox/t/mailboxes/INBOX/dbox-Mails
May 09 08:06:28 imap(t): Debug: rbox_mailbox_open:   rbox_mailbox.box.open_error = MAIL_ERROR_NONE
May 09 08:06:28 imap(t): Debug: rbox_mailbox_open:   rbox_mailbox.box.index_prefix = dovecot.index
May 09 08:06:28 imap(t): Debug: rbox_mailbox_open:   rbox_mailbox.box.flags = 0x0001
May 09 08:06:28 imap(t): Debug: rbox_mailbox_open:   rbox_mailbox.box.transaction_count = 0
May 09 08:06:28 imap(t): Debug: rbox_mailbox_open:   rbox_mailbox.box.enabled_features = 0x0000
May 09 08:06:28 imap(t): Debug: rbox_mailbox_open:   rbox_mailbox.box.generation_sequence = 1
May 09 08:06:28 imap(t): Debug: rbox_mailbox_open:   rbox_mailbox.box.opened = 1
May 09 08:06:28 imap(t): Debug: rbox_mailbox_open:   rbox_mailbox.box.mailbox_deleted = 0
May 09 08:06:28 imap(t): Debug: rbox_mailbox_open:   rbox_mailbox.box.creating = 0
May 09 08:06:28 imap(t): Debug: rbox_mailbox_open:   rbox_mailbox.box.deleting = 0
May 09 08:06:28 imap(t): Debug: rbox_mailbox_open:   rbox_mailbox.box.mailbox_undeleting = 0
May 09 08:06:28 imap(t): Debug: rbox_mailbox_open:   rbox_mailbox.box.delete_sync_check = 0
May 09 08:06:28 imap(t): Debug: rbox_mailbox_open:   rbox_mailbox.box.deleting_must_be_empty = 0
May 09 08:06:28 imap(t): Debug: rbox_mailbox_open:   rbox_mailbox.box.delete_skip_empty_check = 0
May 09 08:06:28 imap(t): Debug: rbox_mailbox_open:   rbox_mailbox.box.marked_deleted = 0
May 09 08:06:28 imap(t): Debug: rbox_mailbox_open:   rbox_mailbox.box.marked_deleted = 0
May 09 08:06:28 imap(t): Debug: rbox_mailbox_open:   rbox_mailbox.box.inbox_user = 1
May 09 08:06:28 imap(t): Debug: rbox_mailbox_open:   rbox_mailbox.box.inbox_any = 1
May 09 08:06:28 imap(t): Debug: rbox_mailbox_open:   rbox_mailbox.box.disable_reflink_copy_to = 0
May 09 08:06:28 imap(t): Debug: rbox_mailbox_open:   rbox_mailbox.box.disallow_new_keywords = 0
May 09 08:06:28 imap(t): Debug: rbox_mailbox_open:   rbox_mailbox.box.synced = 0
May 09 08:06:28 imap(t): Debug: rbox_mailbox_open:   rbox_mailbox.box.mail_cache_disabled = 0
May 09 08:06:28 imap(t): Debug: rbox_mailbox_open:   rbox_mailbox.box.update_first_saved = 0
May 09 08:06:28 imap(t): Debug: rbox_mailbox_open:   rbox_mailbox.box.skip_create_name_restrictions = 0
May 09 08:06:28 imap(t): Debug: rbox_mailbox_open:   rbox_mailbox.box.list_index_has_changed_quick = 0
May 09 08:06:28 imap(t): Debug: rbox_mailbox_open:   rbox_mailbox.box.corrupted_mailbox_name = 0
May 09 08:06:28 imap(t): Debug: rbox_mailbox_open:   rbox_mailbox.box.storage = 0x1ae6310
May 09 08:06:28 imap(t): Debug: rbox_mailbox_open:     rbox_mailbox.box.list.name = fs
May 09 08:06:28 imap(t): Debug: rbox_mailbox_open:     rbox_mailbox.box.list.props = 0x0000
May 09 08:06:28 imap(t): Debug: rbox_mailbox_open:     rbox_mailbox.box.list.mailbox_name_max_length = 4096
May 09 08:06:28 imap(t): Debug: rbox_mailbox_open:     rbox_mailbox.box.list.pool name = fs list
May 09 08:06:28 imap(t): Debug: rbox_mailbox_open:     rbox_mailbox.box.list.mail_set = 0x1ae7980
May 09 08:06:28 imap(t): Debug: rbox_mailbox_open:     rbox_mailbox.box.list.subscriptions = (nil)
May 09 08:06:28 imap(t): Debug: rbox_mailbox_open:     rbox_mailbox.box.list.changelog = (nil)
May 09 08:06:28 imap(t): Debug: rbox_mailbox_open:     rbox_mailbox.box.list.root_permissions.file_uid = 0
May 09 08:06:28 imap(t): Debug: rbox_mailbox_open:     rbox_mailbox.box.list.module_contexts size = 8
May 09 08:06:28 imap(t): Debug: rbox_mailbox_open:     rbox_mailbox.box.list.subscriptions_mtime = 0
May 09 08:06:28 imap(t): Debug: rbox_mailbox_open:     rbox_mailbox.box.list.subscriptions_read_time = 0
May 09 08:06:28 imap(t): Debug: rbox_mailbox_open:     rbox_mailbox.box.list.changelog_timestamp = -1
May 09 08:06:28 imap(t): Debug: rbox_mailbox_open:     rbox_mailbox.box.list.guid_cache_pool = (nil)
May 09 08:06:28 imap(t): Debug: rbox_mailbox_open:     rbox_mailbox.box.list.guid_cache_errors = false
May 09 08:06:28 imap(t): Debug: rbox_mailbox_open:     rbox_mailbox.box.list.error_string = (null)
May 09 08:06:28 imap(t): Debug: rbox_mailbox_open:     rbox_mailbox.box.list.error = MAIL_ERROR_NONE
May 09 08:06:28 imap(t): Debug: rbox_mailbox_open:     rbox_mailbox.box.list.temporary_error = false
May 09 08:06:28 imap(t): Debug: rbox_mailbox_open:     rbox_mailbox.box.list.index_root_dir_created = 0
May 09 08:06:28 imap(t): Debug: rbox_mailbox_open:     rbox_mailbox.box.list.guid_cache_updated = 0
May 09 08:06:28 imap(t): Debug: rbox_mailbox_open:     rbox_mailbox.box.list.guid_cache_invalidated = 0
May 09 08:06:28 imap(t): Debug: rbox_mailbox_open:     rbox_mailbox.box.list.set.inbox_path = (null)
May 09 08:06:28 imap(t): Debug: rbox_mailbox_open:   rbox_mailbox.box.index = 0x1aefc10
May 09 08:06:28 imap(t): Debug: rbox_mailbox_open:   rbox_mailbox.box.index_pvt = (nil)
May 09 08:06:28 imap(t): Debug: [END] rbox-storage.c: rbox_mailbox_open at line 409
May 09 08:06:28 imap: Error: 
May 09 08:06:28 imap(t): Debug: [START] rbox-sync.c: rbox_storage_sync_init at line 366
May 09 08:06:28 imap(t): Debug: rbox_sync_begin: flags = 65
May 09 08:06:28 imap(t): Debug: rbox_sync_begin: rbox_mailbox.mailbox_guid = 28673f1f1422085912180000d5e437c3
May 09 08:06:28 imap(t): Debug: rbox_sync_begin:   rbox_mailbox.box.name = INBOX
May 09 08:06:28 imap(t): Debug: rbox_sync_begin:   rbox_mailbox.box.vname = INBOX
May 09 08:06:28 imap(t): Debug: rbox_sync_begin:   rbox_mailbox.box.pool = 0x1aef028
May 09 08:06:28 imap(t): Debug: rbox_sync_begin:   rbox_mailbox.box.metadata_pool = (nil)
May 09 08:06:28 imap(t): Debug: rbox_sync_begin:   rbox_mailbox.box.prev = (nil)
May 09 08:06:28 imap(t): Debug: rbox_sync_begin:   rbox_mailbox.box.next = (nil)
May 09 08:06:28 imap(t): Debug: rbox_sync_begin:   rbox_mailbox.box.view = 0x1af2780
May 09 08:06:28 imap(t): Debug: rbox_sync_begin:   rbox_mailbox.box.cache = 0x1af2d30
May 09 08:06:28 imap(t): Debug: rbox_sync_begin:   rbox_mailbox.box.view_pvt = (nil)
May 09 08:06:28 imap(t): Debug: rbox_sync_begin:   rbox_mailbox.box.set = (nil)
May 09 08:06:28 imap(t): Debug: rbox_sync_begin:   rbox_mailbox.box.input = (nil)
May 09 08:06:28 imap(t): Debug: rbox_sync_begin:   rbox_mailbox.box.tmp_sync_view = (nil)
May 09 08:06:28 imap(t): Debug: rbox_sync_begin:   rbox_mailbox.box.notify_callback = (nil)
May 09 08:06:28 imap(t): Debug: rbox_sync_begin:   rbox_mailbox.box.notify_context = (nil)
May 09 08:06:28 imap(t): Debug: rbox_sync_begin:   rbox_mailbox.box.to_notify = (nil)
May 09 08:06:28 imap(t): Debug: rbox_sync_begin:   rbox_mailbox.box.to_notify_delay = (nil)
May 09 08:06:28 imap(t): Debug: rbox_sync_begin:   rbox_mailbox.box.notify_files = (nil)
May 09 08:06:28 imap(t): Debug: rbox_sync_begin:   rbox_mailbox.box.recent_flags size = 0
May 09 08:06:28 imap(t): Debug: rbox_sync_begin:   rbox_mailbox.box.search_results size = 8
May 09 08:06:28 imap(t): Debug: rbox_sync_begin:   rbox_mailbox.box.module_contexts size = 8
May 09 08:06:28 imap(t): Debug: rbox_sync_begin:   rbox_mailbox.box._perm.file_uid = 1000
May 09 08:06:28 imap(t): Debug: rbox_sync_begin:   rbox_mailbox.box._path = /home/peter/dovecot/var/mail/rbox/t/mailboxes/INBOX/dbox-Mails
May 09 08:06:28 imap(t): Debug: rbox_sync_begin:   rbox_mailbox.box._index_path = /home/peter/dovecot/var/mail/rbox/t/mailboxes/INBOX/dbox-Mails
May 09 08:06:28 imap(t): Debug: rbox_sync_begin:   rbox_mailbox.box.open_error = MAIL_ERROR_NONE
May 09 08:06:28 imap(t): Debug: rbox_sync_begin:   rbox_mailbox.box.index_prefix = dovecot.index
May 09 08:06:28 imap(t): Debug: rbox_sync_begin:   rbox_mailbox.box.flags = 0x0001
May 09 08:06:28 imap(t): Debug: rbox_sync_begin:   rbox_mailbox.box.transaction_count = 0
May 09 08:06:28 imap(t): Debug: rbox_sync_begin:   rbox_mailbox.box.enabled_features = 0x0000
May 09 08:06:28 imap(t): Debug: rbox_sync_begin:   rbox_mailbox.box.generation_sequence = 1
May 09 08:06:28 imap(t): Debug: rbox_sync_begin:   rbox_mailbox.box.opened = 1
May 09 08:06:28 imap(t): Debug: rbox_sync_begin:   rbox_mailbox.box.mailbox_deleted = 0
May 09 08:06:28 imap(t): Debug: rbox_sync_begin:   rbox_mailbox.box.creating = 0
May 09 08:06:28 imap(t): Debug: rbox_sync_begin:   rbox_mailbox.box.deleting = 0
May 09 08:06:28 imap(t): Debug: rbox_sync_begin:   rbox_mailbox.box.mailbox_undeleting = 0
May 09 08:06:28 imap(t): Debug: rbox_sync_begin:   rbox_mailbox.box.delete_sync_check = 0
May 09 08:06:28 imap(t): Debug: rbox_sync_begin:   rbox_mailbox.box.deleting_must_be_empty = 0
May 09 08:06:28 imap(t): Debug: rbox_sync_begin:   rbox_mailbox.box.delete_skip_empty_check = 0
May 09 08:06:28 imap(t): Debug: rbox_sync_begin:   rbox_mailbox.box.marked_deleted = 0
May 09 08:06:28 imap(t): Debug: rbox_sync_begin:   rbox_mailbox.box.marked_deleted = 0
May 09 08:06:28 imap(t): Debug: rbox_sync_begin:   rbox_mailbox.box.inbox_user = 1
May 09 08:06:28 imap(t): Debug: rbox_sync_begin:   rbox_mailbox.box.inbox_any = 1
May 09 08:06:28 imap(t): Debug: rbox_sync_begin:   rbox_mailbox.box.disable_reflink_copy_to = 0
May 09 08:06:28 imap(t): Debug: rbox_sync_begin:   rbox_mailbox.box.disallow_new_keywords = 0
May 09 08:06:28 imap(t): Debug: rbox_sync_begin:   rbox_mailbox.box.synced = 0
May 09 08:06:28 imap(t): Debug: rbox_sync_begin:   rbox_mailbox.box.mail_cache_disabled = 0
May 09 08:06:28 imap(t): Debug: rbox_sync_begin:   rbox_mailbox.box.update_first_saved = 0
May 09 08:06:28 imap(t): Debug: rbox_sync_begin:   rbox_mailbox.box.skip_create_name_restrictions = 0
May 09 08:06:28 imap(t): Debug: rbox_sync_begin:   rbox_mailbox.box.list_index_has_changed_quick = 0
May 09 08:06:28 imap(t): Debug: rbox_sync_begin:   rbox_mailbox.box.corrupted_mailbox_name = 0
May 09 08:06:28 imap(t): Debug: rbox_sync_begin:   rbox_mailbox.box.storage = 0x1ae6310
May 09 08:06:28 imap(t): Debug: rbox_sync_begin:     rbox_mailbox.box.list.name = fs
May 09 08:06:28 imap(t): Debug: rbox_sync_begin:     rbox_mailbox.box.list.props = 0x0000
May 09 08:06:28 imap(t): Debug: rbox_sync_begin:     rbox_mailbox.box.list.mailbox_name_max_length = 4096
May 09 08:06:28 imap(t): Debug: rbox_sync_begin:     rbox_mailbox.box.list.pool name = fs list
May 09 08:06:28 imap(t): Debug: rbox_sync_begin:     rbox_mailbox.box.list.mail_set = 0x1ae7980
May 09 08:06:28 imap(t): Debug: rbox_sync_begin:     rbox_mailbox.box.list.subscriptions = (nil)
May 09 08:06:28 imap(t): Debug: rbox_sync_begin:     rbox_mailbox.box.list.changelog = (nil)
May 09 08:06:28 imap(t): Debug: rbox_sync_begin:     rbox_mailbox.box.list.root_permissions.file_uid = 0
May 09 08:06:28 imap(t): Debug: rbox_sync_begin:     rbox_mailbox.box.list.module_contexts size = 8
May 09 08:06:28 imap(t): Debug: rbox_sync_begin:     rbox_mailbox.box.list.subscriptions_mtime = 0
May 09 08:06:28 imap(t): Debug: rbox_sync_begin:     rbox_mailbox.box.list.subscriptions_read_time = 0
May 09 08:06:28 imap(t): Debug: rbox_sync_begin:     rbox_mailbox.box.list.changelog_timestamp = -1
May 09 08:06:28 imap(t): Debug: rbox_sync_begin:     rbox_mailbox.box.list.guid_cache_pool = (nil)
May 09 08:06:28 imap(t): Debug: rbox_sync_begin:     rbox_mailbox.box.list.guid_cache_errors = false
May 09 08:06:28 imap(t): Debug: rbox_sync_begin:     rbox_mailbox.box.list.error_string = (null)
May 09 08:06:28 imap(t): Debug: rbox_sync_begin:     rbox_mailbox.box.list.error = MAIL_ERROR_NONE
May 09 08:06:28 imap(t): Debug: rbox_sync_begin:     rbox_mailbox.box.list.temporary_error = false
May 09 08:06:28 imap(t): Debug: rbox_sync_begin:     rbox_mailbox.box.list.index_root_dir_created = 0
May 09 08:06:28 imap(t): Debug: rbox_sync_begin:     rbox_mailbox.box.list.guid_cache_updated = 0
May 09 08:06:28 imap(t): Debug: rbox_sync_begin:     rbox_mailbox.box.list.guid_cache_invalidated = 0
May 09 08:06:28 imap(t): Debug: rbox_sync_begin:     rbox_mailbox.box.list.set.inbox_path = (null)
May 09 08:06:28 imap(t): Debug: rbox_sync_begin:   rbox_mailbox.box.index = 0x1aefc10
May 09 08:06:28 imap(t): Debug: rbox_sync_begin:   rbox_mailbox.box.index_pvt = (nil)
May 09 08:06:28 imap(t): Debug: [START] rbox-sync.c: rbox_sync at line 346
May 09 08:06:28 imap(t): Debug: [START] rbox-sync.c: rbox_sync_begin at line 229
May 09 08:06:28 imap(t): Debug: rbox_sync_begin: flags = 0
May 09 08:06:28 imap(t): Debug: rbox_sync_begin: rbox_mailbox.mailbox_guid = 28673f1f1422085912180000d5e437c3
May 09 08:06:28 imap(t): Debug: rbox_sync_begin:   rbox_mailbox.box.name = INBOX
May 09 08:06:28 imap(t): Debug: rbox_sync_begin:   rbox_mailbox.box.vname = INBOX
May 09 08:06:28 imap(t): Debug: rbox_sync_begin:   rbox_mailbox.box.pool = 0x1aef028
May 09 08:06:28 imap(t): Debug: rbox_sync_begin:   rbox_mailbox.box.metadata_pool = (nil)
May 09 08:06:28 imap(t): Debug: rbox_sync_begin:   rbox_mailbox.box.prev = (nil)
May 09 08:06:28 imap(t): Debug: rbox_sync_begin:   rbox_mailbox.box.next = (nil)
May 09 08:06:28 imap(t): Debug: rbox_sync_begin:   rbox_mailbox.box.view = 0x1af2780
May 09 08:06:28 imap(t): Debug: rbox_sync_begin:   rbox_mailbox.box.cache = 0x1af2d30
May 09 08:06:28 imap(t): Debug: rbox_sync_begin:   rbox_mailbox.box.view_pvt = (nil)
May 09 08:06:28 imap(t): Debug: rbox_sync_begin:   rbox_mailbox.box.set = (nil)
May 09 08:06:28 imap(t): Debug: rbox_sync_begin:   rbox_mailbox.box.input = (nil)
May 09 08:06:28 imap(t): Debug: rbox_sync_begin:   rbox_mailbox.box.tmp_sync_view = (nil)
May 09 08:06:28 imap(t): Debug: rbox_sync_begin:   rbox_mailbox.box.notify_callback = (nil)
May 09 08:06:28 imap(t): Debug: rbox_sync_begin:   rbox_mailbox.box.notify_context = (nil)
May 09 08:06:28 imap(t): Debug: rbox_sync_begin:   rbox_mailbox.box.to_notify = (nil)
May 09 08:06:28 imap(t): Debug: rbox_sync_begin:   rbox_mailbox.box.to_notify_delay = (nil)
May 09 08:06:28 imap(t): Debug: rbox_sync_begin:   rbox_mailbox.box.notify_files = (nil)
May 09 08:06:28 imap(t): Debug: rbox_sync_begin:   rbox_mailbox.box.recent_flags size = 0
May 09 08:06:28 imap(t): Debug: rbox_sync_begin:   rbox_mailbox.box.search_results size = 8
May 09 08:06:28 imap(t): Debug: rbox_sync_begin:   rbox_mailbox.box.module_contexts size = 8
May 09 08:06:28 imap(t): Debug: rbox_sync_begin:   rbox_mailbox.box._perm.file_uid = 1000
May 09 08:06:28 imap(t): Debug: rbox_sync_begin:   rbox_mailbox.box._path = /home/peter/dovecot/var/mail/rbox/t/mailboxes/INBOX/dbox-Mails
May 09 08:06:28 imap(t): Debug: rbox_sync_begin:   rbox_mailbox.box._index_path = /home/peter/dovecot/var/mail/rbox/t/mailboxes/INBOX/dbox-Mails
May 09 08:06:28 imap(t): Debug: rbox_sync_begin:   rbox_mailbox.box.open_error = MAIL_ERROR_NONE
May 09 08:06:28 imap(t): Debug: rbox_sync_begin:   rbox_mailbox.box.index_prefix = dovecot.index
May 09 08:06:28 imap(t): Debug: rbox_sync_begin:   rbox_mailbox.box.flags = 0x0001
May 09 08:06:28 imap(t): Debug: rbox_sync_begin:   rbox_mailbox.box.transaction_count = 0
May 09 08:06:28 imap(t): Debug: rbox_sync_begin:   rbox_mailbox.box.enabled_features = 0x0000
May 09 08:06:28 imap(t): Debug: rbox_sync_begin:   rbox_mailbox.box.generation_sequence = 1
May 09 08:06:28 imap(t): Debug: rbox_sync_begin:   rbox_mailbox.box.opened = 1
May 09 08:06:28 imap(t): Debug: rbox_sync_begin:   rbox_mailbox.box.mailbox_deleted = 0
May 09 08:06:28 imap(t): Debug: rbox_sync_begin:   rbox_mailbox.box.creating = 0
May 09 08:06:28 imap(t): Debug: rbox_sync_begin:   rbox_mailbox.box.deleting = 0
May 09 08:06:28 imap(t): Debug: rbox_sync_begin:   rbox_mailbox.box.mailbox_undeleting = 0
May 09 08:06:28 imap(t): Debug: rbox_sync_begin:   rbox_mailbox.box.delete_sync_check = 0
May 09 08:06:28 imap(t): Debug: rbox_sync_begin:   rbox_mailbox.box.deleting_must_be_empty = 0
May 09 08:06:28 imap(t): Debug: rbox_sync_begin:   rbox_mailbox.box.delete_skip_empty_check = 0
May 09 08:06:28 imap(t): Debug: rbox_sync_begin:   rbox_mailbox.box.marked_deleted = 0
May 09 08:06:28 imap(t): Debug: rbox_sync_begin:   rbox_mailbox.box.marked_deleted = 0
May 09 08:06:28 imap(t): Debug: rbox_sync_begin:   rbox_mailbox.box.inbox_user = 1
May 09 08:06:28 imap(t): Debug: rbox_sync_begin:   rbox_mailbox.box.inbox_any = 1
May 09 08:06:28 imap(t): Debug: rbox_sync_begin:   rbox_mailbox.box.disable_reflink_copy_to = 0
May 09 08:06:28 imap(t): Debug: rbox_sync_begin:   rbox_mailbox.box.disallow_new_keywords = 0
May 09 08:06:28 imap(t): Debug: rbox_sync_begin:   rbox_mailbox.box.synced = 0
May 09 08:06:28 imap(t): Debug: rbox_sync_begin:   rbox_mailbox.box.mail_cache_disabled = 0
May 09 08:06:28 imap(t): Debug: rbox_sync_begin:   rbox_mailbox.box.update_first_saved = 0
May 09 08:06:28 imap(t): Debug: rbox_sync_begin:   rbox_mailbox.box.skip_create_name_restrictions = 0
May 09 08:06:28 imap(t): Debug: rbox_sync_begin:   rbox_mailbox.box.list_index_has_changed_quick = 0
May 09 08:06:28 imap(t): Debug: rbox_sync_begin:   rbox_mailbox.box.corrupted_mailbox_name = 0
May 09 08:06:28 imap(t): Debug: rbox_sync_begin:   rbox_mailbox.box.storage = 0x1ae6310
May 09 08:06:28 imap(t): Debug: rbox_sync_begin:     rbox_mailbox.box.list.name = fs
May 09 08:06:28 imap(t): Debug: rbox_sync_begin:     rbox_mailbox.box.list.props = 0x0000
May 09 08:06:28 imap(t): Debug: rbox_sync_begin:     rbox_mailbox.box.list.mailbox_name_max_length = 4096
May 09 08:06:28 imap(t): Debug: rbox_sync_begin:     rbox_mailbox.box.list.pool name = fs list
May 09 08:06:28 imap(t): Debug: rbox_sync_begin:     rbox_mailbox.box.list.mail_set = 0x1ae7980
May 09 08:06:28 imap(t): Debug: rbox_sync_begin:     rbox_mailbox.box.list.subscriptions = (nil)
May 09 08:06:28 imap(t): Debug: rbox_sync_begin:     rbox_mailbox.box.list.changelog = (nil)
May 09 08:06:28 imap(t): Debug: rbox_sync_begin:     rbox_mailbox.box.list.root_permissions.file_uid = 0
May 09 08:06:28 imap(t): Debug: rbox_sync_begin:     rbox_mailbox.box.list.module_contexts size = 8
May 09 08:06:28 imap(t): Debug: rbox_sync_begin:     rbox_mailbox.box.list.subscriptions_mtime = 0
May 09 08:06:28 imap(t): Debug: rbox_sync_begin:     rbox_mailbox.box.list.subscriptions_read_time = 0
May 09 08:06:28 imap(t): Debug: rbox_sync_begin:     rbox_mailbox.box.list.changelog_timestamp = -1
May 09 08:06:28 imap(t): Debug: rbox_sync_begin:     rbox_mailbox.box.list.guid_cache_pool = (nil)
May 09 08:06:28 imap(t): Debug: rbox_sync_begin:     rbox_mailbox.box.list.guid_cache_errors = false
May 09 08:06:28 imap(t): Debug: rbox_sync_begin:     rbox_mailbox.box.list.error_string = (null)
May 09 08:06:28 imap(t): Debug: rbox_sync_begin:     rbox_mailbox.box.list.error = MAIL_ERROR_NONE
May 09 08:06:28 imap(t): Debug: rbox_sync_begin:     rbox_mailbox.box.list.temporary_error = false
May 09 08:06:28 imap(t): Debug: rbox_sync_begin:     rbox_mailbox.box.list.index_root_dir_created = 0
May 09 08:06:28 imap(t): Debug: rbox_sync_begin:     rbox_mailbox.box.list.guid_cache_updated = 0
May 09 08:06:28 imap(t): Debug: rbox_sync_begin:     rbox_mailbox.box.list.guid_cache_invalidated = 0
May 09 08:06:28 imap(t): Debug: rbox_sync_begin:     rbox_mailbox.box.list.set.inbox_path = (null)
May 09 08:06:28 imap(t): Debug: rbox_sync_begin:   rbox_mailbox.box.index = 0x1aefc10
May 09 08:06:28 imap(t): Debug: rbox_sync_begin:   rbox_mailbox.box.index_pvt = (nil)
May 09 08:06:28 imap(t): Debug: [START] rbox-sync.c: rbox_refresh_header at line 207
May 09 08:06:28 imap(t): Debug: [START] rbox-storage.c: rbox_read_header at line 184
May 09 08:06:28 imap(t): Debug: rbox_read_header: rbox_mailbox.mailbox_guid = 28673f1f1422085912180000d5e437c3
May 09 08:06:28 imap(t): Debug: rbox_read_header:   rbox_mailbox.box.name = INBOX
May 09 08:06:28 imap(t): Debug: rbox_read_header:   rbox_mailbox.box.vname = INBOX
May 09 08:06:28 imap(t): Debug: rbox_read_header:   rbox_mailbox.box.pool = 0x1aef028
May 09 08:06:28 imap(t): Debug: rbox_read_header:   rbox_mailbox.box.metadata_pool = (nil)
May 09 08:06:28 imap(t): Debug: rbox_read_header:   rbox_mailbox.box.prev = (nil)
May 09 08:06:28 imap(t): Debug: rbox_read_header:   rbox_mailbox.box.next = (nil)
May 09 08:06:28 imap(t): Debug: rbox_read_header:   rbox_mailbox.box.view = 0x1af2780
May 09 08:06:28 imap(t): Debug: rbox_read_header:   rbox_mailbox.box.cache = 0x1af2d30
May 09 08:06:28 imap(t): Debug: rbox_read_header:   rbox_mailbox.box.view_pvt = (nil)
May 09 08:06:28 imap(t): Debug: rbox_read_header:   rbox_mailbox.box.set = (nil)
May 09 08:06:28 imap(t): Debug: rbox_read_header:   rbox_mailbox.box.input = (nil)
May 09 08:06:28 imap(t): Debug: rbox_read_header:   rbox_mailbox.box.tmp_sync_view = (nil)
May 09 08:06:28 imap(t): Debug: rbox_read_header:   rbox_mailbox.box.notify_callback = (nil)
May 09 08:06:28 imap(t): Debug: rbox_read_header:   rbox_mailbox.box.notify_context = (nil)
May 09 08:06:28 imap(t): Debug: rbox_read_header:   rbox_mailbox.box.to_notify = (nil)
May 09 08:06:28 imap(t): Debug: rbox_read_header:   rbox_mailbox.box.to_notify_delay = (nil)
May 09 08:06:28 imap(t): Debug: rbox_read_header:   rbox_mailbox.box.notify_files = (nil)
May 09 08:06:28 imap(t): Debug: rbox_read_header:   rbox_mailbox.box.recent_flags size = 0
May 09 08:06:28 imap(t): Debug: rbox_read_header:   rbox_mailbox.box.search_results size = 8
May 09 08:06:28 imap(t): Debug: rbox_read_header:   rbox_mailbox.box.module_contexts size = 8
May 09 08:06:28 imap(t): Debug: rbox_read_header:   rbox_mailbox.box._perm.file_uid = 1000
May 09 08:06:28 imap(t): Debug: rbox_read_header:   rbox_mailbox.box._path = /home/peter/dovecot/var/mail/rbox/t/mailboxes/INBOX/dbox-Mails
May 09 08:06:28 imap(t): Debug: rbox_read_header:   rbox_mailbox.box._index_path = /home/peter/dovecot/var/mail/rbox/t/mailboxes/INBOX/dbox-Mails
May 09 08:06:28 imap(t): Debug: rbox_read_header:   rbox_mailbox.box.open_error = MAIL_ERROR_NONE
May 09 08:06:28 imap(t): Debug: rbox_read_header:   rbox_mailbox.box.index_prefix = dovecot.index
May 09 08:06:28 imap(t): Debug: rbox_read_header:   rbox_mailbox.box.flags = 0x0001
May 09 08:06:28 imap(t): Debug: rbox_read_header:   rbox_mailbox.box.transaction_count = 0
May 09 08:06:28 imap(t): Debug: rbox_read_header:   rbox_mailbox.box.enabled_features = 0x0000
May 09 08:06:28 imap(t): Debug: rbox_read_header:   rbox_mailbox.box.generation_sequence = 1
May 09 08:06:28 imap(t): Debug: rbox_read_header:   rbox_mailbox.box.opened = 1
May 09 08:06:28 imap(t): Debug: rbox_read_header:   rbox_mailbox.box.mailbox_deleted = 0
May 09 08:06:28 imap(t): Debug: rbox_read_header:   rbox_mailbox.box.creating = 0
May 09 08:06:28 imap(t): Debug: rbox_read_header:   rbox_mailbox.box.deleting = 0
May 09 08:06:28 imap(t): Debug: rbox_read_header:   rbox_mailbox.box.mailbox_undeleting = 0
May 09 08:06:28 imap(t): Debug: rbox_read_header:   rbox_mailbox.box.delete_sync_check = 0
May 09 08:06:28 imap(t): Debug: rbox_read_header:   rbox_mailbox.box.deleting_must_be_empty = 0
May 09 08:06:28 imap(t): Debug: rbox_read_header:   rbox_mailbox.box.delete_skip_empty_check = 0
May 09 08:06:28 imap(t): Debug: rbox_read_header:   rbox_mailbox.box.marked_deleted = 0
May 09 08:06:28 imap(t): Debug: rbox_read_header:   rbox_mailbox.box.marked_deleted = 0
May 09 08:06:28 imap(t): Debug: rbox_read_header:   rbox_mailbox.box.inbox_user = 1
May 09 08:06:28 imap(t): Debug: rbox_read_header:   rbox_mailbox.box.inbox_any = 1
May 09 08:06:28 imap(t): Debug: rbox_read_header:   rbox_mailbox.box.disable_reflink_copy_to = 0
May 09 08:06:28 imap(t): Debug: rbox_read_header:   rbox_mailbox.box.disallow_new_keywords = 0
May 09 08:06:28 imap(t): Debug: rbox_read_header:   rbox_mailbox.box.synced = 0
May 09 08:06:28 imap(t): Debug: rbox_read_header:   rbox_mailbox.box.mail_cache_disabled = 0
May 09 08:06:28 imap(t): Debug: rbox_read_header:   rbox_mailbox.box.update_first_saved = 0
May 09 08:06:28 imap(t): Debug: rbox_read_header:   rbox_mailbox.box.skip_create_name_restrictions = 0
May 09 08:06:28 imap(t): Debug: rbox_read_header:   rbox_mailbox.box.list_index_has_changed_quick = 0
May 09 08:06:28 imap(t): Debug: rbox_read_header:   rbox_mailbox.box.corrupted_mailbox_name = 0
May 09 08:06:28 imap(t): Debug: rbox_read_header:   rbox_mailbox.box.storage = 0x1ae6310
May 09 08:06:28 imap(t): Debug: rbox_read_header:     rbox_mailbox.box.list.name = fs
May 09 08:06:28 imap(t): Debug: rbox_read_header:     rbox_mailbox.box.list.props = 0x0000
May 09 08:06:28 imap(t): Debug: rbox_read_header:     rbox_mailbox.box.list.mailbox_name_max_length = 4096
May 09 08:06:28 imap(t): Debug: rbox_read_header:     rbox_mailbox.box.list.pool name = fs list
May 09 08:06:28 imap(t): Debug: rbox_read_header:     rbox_mailbox.box.list.mail_set = 0x1ae7980
May 09 08:06:28 imap(t): Debug: rbox_read_header:     rbox_mailbox.box.list.subscriptions = (nil)
May 09 08:06:28 imap(t): Debug: rbox_read_header:     rbox_mailbox.box.list.changelog = (nil)
May 09 08:06:28 imap(t): Debug: rbox_read_header:     rbox_mailbox.box.list.root_permissions.file_uid = 0
May 09 08:06:28 imap(t): Debug: rbox_read_header:     rbox_mailbox.box.list.module_contexts size = 8
May 09 08:06:28 imap(t): Debug: rbox_read_header:     rbox_mailbox.box.list.subscriptions_mtime = 0
May 09 08:06:28 imap(t): Debug: rbox_read_header:     rbox_mailbox.box.list.subscriptions_read_time = 0
May 09 08:06:28 imap(t): Debug: rbox_read_header:     rbox_mailbox.box.list.changelog_timestamp = -1
May 09 08:06:28 imap(t): Debug: rbox_read_header:     rbox_mailbox.box.list.guid_cache_pool = (nil)
May 09 08:06:28 imap(t): Debug: rbox_read_header:     rbox_mailbox.box.list.guid_cache_errors = false
May 09 08:06:28 imap(t): Debug: rbox_read_header:     rbox_mailbox.box.list.error_string = (null)
May 09 08:06:28 imap(t): Debug: rbox_read_header:     rbox_mailbox.box.list.error = MAIL_ERROR_NONE
May 09 08:06:28 imap(t): Debug: rbox_read_header:     rbox_mailbox.box.list.temporary_error = false
May 09 08:06:28 imap(t): Debug: rbox_read_header:     rbox_mailbox.box.list.index_root_dir_created = 0
May 09 08:06:28 imap(t): Debug: rbox_read_header:     rbox_mailbox.box.list.guid_cache_updated = 0
May 09 08:06:28 imap(t): Debug: rbox_read_header:     rbox_mailbox.box.list.guid_cache_invalidated = 0
May 09 08:06:28 imap(t): Debug: rbox_read_header:     rbox_mailbox.box.list.set.inbox_path = (null)
May 09 08:06:28 imap(t): Debug: rbox_read_header:   rbox_mailbox.box.index = 0x1aefc10
May 09 08:06:28 imap(t): Debug: rbox_read_header:   rbox_mailbox.box.index_pvt = (nil)
May 09 08:06:28 imap(t): Debug: rbox_read_header: rbox_index_header.rebuild_count = 0
May 09 08:06:28 imap(t): Debug: rbox_read_header: rbox_index_header.mailbox_guid = 28673f1f1422085912180000d5e437c3
May 09 08:06:28 imap(t): Debug: rbox_read_header: rbox_index_header.flags = 0x0
May 09 08:06:28 imap(t): Debug: [END] rbox-storage.c: rbox_read_header at line 216
May 09 08:06:28 imap: Error: 
May 09 08:06:28 imap(t): Debug: [END] rbox-sync.c: rbox_refresh_header at line 222
May 09 08:06:28 imap: Error: 
May 09 08:06:28 imap(t): Debug: [END] rbox-sync.c: rbox_sync_begin at line 271, ret
May 09 08:06:28 imap: Error: 
May 09 08:06:28 imap(t): Debug: [END] rbox-sync.c: rbox_sync at line 355, ret == 0; sync_ctx == NULL
May 09 08:06:28 imap: Error: 
May 09 08:06:28 imap(t): Debug: [END] rbox-sync.c: rbox_storage_sync_init at line 388
May 09 08:06:28 imap: Error: 
May 09 08:06:28 imap(t): Debug: [START] rbox-storage.c: rbox_mailbox_close at line 414
May 09 08:06:28 imap(t): Debug: rbox_mailbox_close: rbox_mailbox.mailbox_guid = 28673f1f1422085912180000d5e437c3
May 09 08:06:28 imap(t): Debug: rbox_mailbox_close:   rbox_mailbox.box.name = INBOX
May 09 08:06:28 imap(t): Debug: rbox_mailbox_close:   rbox_mailbox.box.vname = INBOX
May 09 08:06:28 imap(t): Debug: rbox_mailbox_close:   rbox_mailbox.box.pool = 0x1aef028
May 09 08:06:28 imap(t): Debug: rbox_mailbox_close:   rbox_mailbox.box.metadata_pool = (nil)
May 09 08:06:28 imap(t): Debug: rbox_mailbox_close:   rbox_mailbox.box.prev = (nil)
May 09 08:06:28 imap(t): Debug: rbox_mailbox_close:   rbox_mailbox.box.next = (nil)
May 09 08:06:28 imap(t): Debug: rbox_mailbox_close:   rbox_mailbox.box.view = 0x1af2780
May 09 08:06:28 imap(t): Debug: rbox_mailbox_close:   rbox_mailbox.box.cache = 0x1af2d30
May 09 08:06:28 imap(t): Debug: rbox_mailbox_close:   rbox_mailbox.box.view_pvt = (nil)
May 09 08:06:28 imap(t): Debug: rbox_mailbox_close:   rbox_mailbox.box.set = (nil)
May 09 08:06:28 imap(t): Debug: rbox_mailbox_close:   rbox_mailbox.box.input = (nil)
May 09 08:06:28 imap(t): Debug: rbox_mailbox_close:   rbox_mailbox.box.tmp_sync_view = (nil)
May 09 08:06:28 imap(t): Debug: rbox_mailbox_close:   rbox_mailbox.box.notify_callback = (nil)
May 09 08:06:28 imap(t): Debug: rbox_mailbox_close:   rbox_mailbox.box.notify_context = (nil)
May 09 08:06:28 imap(t): Debug: rbox_mailbox_close:   rbox_mailbox.box.to_notify = (nil)
May 09 08:06:28 imap(t): Debug: rbox_mailbox_close:   rbox_mailbox.box.to_notify_delay = (nil)
May 09 08:06:28 imap(t): Debug: rbox_mailbox_close:   rbox_mailbox.box.notify_files = (nil)
May 09 08:06:28 imap(t): Debug: rbox_mailbox_close:   rbox_mailbox.box.recent_flags size = 8
May 09 08:06:28 imap(t): Debug: rbox_mailbox_close:   rbox_mailbox.box.search_results size = 8
May 09 08:06:28 imap(t): Debug: rbox_mailbox_close:   rbox_mailbox.box.module_contexts size = 8
May 09 08:06:28 imap(t): Debug: rbox_mailbox_close:   rbox_mailbox.box._perm.file_uid = 1000
May 09 08:06:28 imap(t): Debug: rbox_mailbox_close:   rbox_mailbox.box._path = /home/peter/dovecot/var/mail/rbox/t/mailboxes/INBOX/dbox-Mails
May 09 08:06:28 imap(t): Debug: rbox_mailbox_close:   rbox_mailbox.box._index_path = /home/peter/dovecot/var/mail/rbox/t/mailboxes/INBOX/dbox-Mails
May 09 08:06:28 imap(t): Debug: rbox_mailbox_close:   rbox_mailbox.box.open_error = MAIL_ERROR_NONE
May 09 08:06:28 imap(t): Debug: rbox_mailbox_close:   rbox_mailbox.box.index_prefix = dovecot.index
May 09 08:06:28 imap(t): Debug: rbox_mailbox_close:   rbox_mailbox.box.flags = 0x0001
May 09 08:06:28 imap(t): Debug: rbox_mailbox_close:   rbox_mailbox.box.transaction_count = 0
May 09 08:06:28 imap(t): Debug: rbox_mailbox_close:   rbox_mailbox.box.enabled_features = 0x0000
May 09 08:06:28 imap(t): Debug: rbox_mailbox_close:   rbox_mailbox.box.generation_sequence = 1
May 09 08:06:28 imap(t): Debug: rbox_mailbox_close:   rbox_mailbox.box.opened = 1
May 09 08:06:28 imap(t): Debug: rbox_mailbox_close:   rbox_mailbox.box.mailbox_deleted = 0
May 09 08:06:28 imap(t): Debug: rbox_mailbox_close:   rbox_mailbox.box.creating = 0
May 09 08:06:28 imap(t): Debug: rbox_mailbox_close:   rbox_mailbox.box.deleting = 0
May 09 08:06:28 imap(t): Debug: rbox_mailbox_close:   rbox_mailbox.box.mailbox_undeleting = 0
May 09 08:06:28 imap(t): Debug: rbox_mailbox_close:   rbox_mailbox.box.delete_sync_check = 0
May 09 08:06:28 imap(t): Debug: rbox_mailbox_close:   rbox_mailbox.box.deleting_must_be_empty = 0
May 09 08:06:28 imap(t): Debug: rbox_mailbox_close:   rbox_mailbox.box.delete_skip_empty_check = 0
May 09 08:06:28 imap(t): Debug: rbox_mailbox_close:   rbox_mailbox.box.marked_deleted = 0
May 09 08:06:28 imap(t): Debug: rbox_mailbox_close:   rbox_mailbox.box.marked_deleted = 0
May 09 08:06:28 imap(t): Debug: rbox_mailbox_close:   rbox_mailbox.box.inbox_user = 1
May 09 08:06:28 imap(t): Debug: rbox_mailbox_close:   rbox_mailbox.box.inbox_any = 1
May 09 08:06:28 imap(t): Debug: rbox_mailbox_close:   rbox_mailbox.box.disable_reflink_copy_to = 0
May 09 08:06:28 imap(t): Debug: rbox_mailbox_close:   rbox_mailbox.box.disallow_new_keywords = 0
May 09 08:06:28 imap(t): Debug: rbox_mailbox_close:   rbox_mailbox.box.synced = 1
May 09 08:06:28 imap(t): Debug: rbox_mailbox_close:   rbox_mailbox.box.mail_cache_disabled = 0
May 09 08:06:28 imap(t): Debug: rbox_mailbox_close:   rbox_mailbox.box.update_first_saved = 0
May 09 08:06:28 imap(t): Debug: rbox_mailbox_close:   rbox_mailbox.box.skip_create_name_restrictions = 0
May 09 08:06:28 imap(t): Debug: rbox_mailbox_close:   rbox_mailbox.box.list_index_has_changed_quick = 0
May 09 08:06:28 imap(t): Debug: rbox_mailbox_close:   rbox_mailbox.box.corrupted_mailbox_name = 0
May 09 08:06:28 imap(t): Debug: rbox_mailbox_close:   rbox_mailbox.box.storage = 0x1ae6310
May 09 08:06:28 imap(t): Debug: rbox_mailbox_close:     rbox_mailbox.box.list.name = fs
May 09 08:06:28 imap(t): Debug: rbox_mailbox_close:     rbox_mailbox.box.list.props = 0x0000
May 09 08:06:28 imap(t): Debug: rbox_mailbox_close:     rbox_mailbox.box.list.mailbox_name_max_length = 4096
May 09 08:06:28 imap(t): Debug: rbox_mailbox_close:     rbox_mailbox.box.list.pool name = fs list
May 09 08:06:28 imap(t): Debug: rbox_mailbox_close:     rbox_mailbox.box.list.mail_set = 0x1ae7980
May 09 08:06:28 imap(t): Debug: rbox_mailbox_close:     rbox_mailbox.box.list.subscriptions = (nil)
May 09 08:06:28 imap(t): Debug: rbox_mailbox_close:     rbox_mailbox.box.list.changelog = (nil)
May 09 08:06:28 imap(t): Debug: rbox_mailbox_close:     rbox_mailbox.box.list.root_permissions.file_uid = 0
May 09 08:06:28 imap(t): Debug: rbox_mailbox_close:     rbox_mailbox.box.list.module_contexts size = 8
May 09 08:06:28 imap(t): Debug: rbox_mailbox_close:     rbox_mailbox.box.list.subscriptions_mtime = 0
May 09 08:06:28 imap(t): Debug: rbox_mailbox_close:     rbox_mailbox.box.list.subscriptions_read_time = 0
May 09 08:06:28 imap(t): Debug: rbox_mailbox_close:     rbox_mailbox.box.list.changelog_timestamp = -1
May 09 08:06:28 imap(t): Debug: rbox_mailbox_close:     rbox_mailbox.box.list.guid_cache_pool = (nil)
May 09 08:06:28 imap(t): Debug: rbox_mailbox_close:     rbox_mailbox.box.list.guid_cache_errors = false
May 09 08:06:28 imap(t): Debug: rbox_mailbox_close:     rbox_mailbox.box.list.error_string = (null)
May 09 08:06:28 imap(t): Debug: rbox_mailbox_close:     rbox_mailbox.box.list.error = MAIL_ERROR_NONE
May 09 08:06:28 imap(t): Debug: rbox_mailbox_close:     rbox_mailbox.box.list.temporary_error = false
May 09 08:06:28 imap(t): Debug: rbox_mailbox_close:     rbox_mailbox.box.list.index_root_dir_created = 0
May 09 08:06:28 imap(t): Debug: rbox_mailbox_close:     rbox_mailbox.box.list.guid_cache_updated = 0
May 09 08:06:28 imap(t): Debug: rbox_mailbox_close:     rbox_mailbox.box.list.guid_cache_invalidated = 0
May 09 08:06:28 imap(t): Debug: rbox_mailbox_close:     rbox_mailbox.box.list.set.inbox_path = (null)
May 09 08:06:28 imap(t): Debug: rbox_mailbox_close:   rbox_mailbox.box.index = 0x1aefc10
May 09 08:06:28 imap(t): Debug: rbox_mailbox_close:   rbox_mailbox.box.index_pvt = (nil)
May 09 08:06:28 imap(t): Debug: [END] rbox-storage.c: rbox_mailbox_close at line 421
May 09 08:06:28 imap: Error: 
May 09 08:06:28 imap(t): Info: Logged out in=31 out=742
May 09 08:06:28 imap(t): Debug: [START] rbox-storage.c: rbox_storage_destroy at line 74
May 09 08:06:28 imap(t): Debug: rbox_storage_destroy: mail_storage.name = rbox
May 09 08:06:28 imap(t): Debug: rbox_storage_destroy: mail_storage.flags = 0x0000
May 09 08:06:28 imap(t): Debug: rbox_storage_destroy: mail_storage.class_flags = 0x09e0
May 09 08:06:28 imap(t): Debug: rbox_storage_destroy: mail_storage.pool name = rbox storage
May 09 08:06:28 imap(t): Debug: rbox_storage_destroy: mail_storage.refcount = 0
May 09 08:06:28 imap(t): Debug: rbox_storage_destroy: mail_storage.obj_refcount = 0
May 09 08:06:28 imap(t): Debug: rbox_storage_destroy: mail_storage.unique_root_dir = (null)
May 09 08:06:28 imap(t): Debug: rbox_storage_destroy: mail_storage.error_string = (null)
May 09 08:06:28 imap(t): Debug: rbox_storage_destroy: mail_storage.error = MAIL_ERROR_NONE
May 09 08:06:28 imap(t): Debug: rbox_storage_destroy: mail_storage.temp_path_prefix = (null)
May 09 08:06:28 imap(t): Debug: rbox_storage_destroy: mail_storage.shared_attr_dict_failed = 0
May 09 08:06:28 imap(t): Debug: rbox_storage_destroy: mail_storage.prev = (nil)
May 09 08:06:28 imap(t): Debug: rbox_storage_destroy: mail_storage.next = (nil)
May 09 08:06:28 imap(t): Debug: rbox_storage_destroy: mail_storage.mailboxes = (nil)
May 09 08:06:28 imap(t): Debug: rbox_storage_destroy: mail_storage.storage_class = 0x7f60ceae4bc0
May 09 08:06:28 imap(t): Debug: rbox_storage_destroy: mail_storage.set = 0x1ae7980
May 09 08:06:28 imap(t): Debug: rbox_storage_destroy: mail_storage.callback_context = 0x1aebc80
May 09 08:06:28 imap(t): Debug: rbox_storage_destroy: mail_storage._shared_attr_dict = (nil)
May 09 08:06:28 imap(t): Debug: rbox_storage_destroy: mail_storage.error_stack size = 0
May 09 08:06:28 imap(t): Debug: rbox_storage_destroy: mail_storage.module_contexts size = 8
May 09 08:06:28 imap(t): Debug: rbox_storage_destroy: mail_storage.user = 0x1ae77c0
May 09 08:06:28 imap(t): Debug: [END] rbox-storage.c: rbox_storage_destroy at line 82
May 09 08:06:28 imap: Error: 
May 09 08:06:28 imap: Debug: storage_rbox_plugin_deinit refcount=1)
May 09 08:06:28 imap: Debug: storage_rbox_plugin_deinit unregisters rbox_storage 
May 09 08:06:28 imap: Debug: storage_rados_plugin_deinit refcount=1)
May 09 08:06:28 imap: Debug: storage_rados_plugin_deinit unregisters rados_storage 
May 09 08:06:28 imap: Debug: dict_rados_plugin_deinit refcount=1
May 09 08:06:28 imap: Debug: dict_rados_plugin_deinit unregisters dict_driver_rados 
